<?xml version="1.0" encoding="utf-8"?><testsuites><testsuite name="pytest" errors="0" failures="0" skipped="0" tests="66" time="25.724" timestamp="2026-08-02T20:22:41.106872+08:00" hostname="KGdeMacBook-Pro.local"><testcase classname="testcase.api.test_crawler.TestDouyinCrawler" name="test_save_to_db" time="0.237" /><testcase classname="testcase.api.test_crawler.TestWeiboCrawler" name="test_save_to_db" time="0.002" /><testcase classname="testcase.api.test_models" name="test_douyin_hot_search_model" time="0.002" /><testcase classname="testcase.api.test_models" name="test_weibo_hot_search_model" time="0.002" /><testcase classname="testcase.api.test_models" name="test_scheduler_config_model" time="0.002" /><testcase classname="testcase.api.test_views" name="test_douyin_hot_requires_login" time="0.058" /><testcase classname="testcase.api.test_views" name="test_weibo_hot_requires_login" time="0.002" /><testcase classname="testcase.api.test_views" name="test_douyin_hot_page" time="0.095" /><testcase classname="testcase.api.test_views" name="test_weibo_hot_page" time="0.084" /><testcase classname="testcase.api.test_views" name="test_douyin_crawl" time="0.079" /><testcase classname="testcase.api.test_views" name="test_weibo_crawl" time="0.079" /><testcase classname="testcase.api.test_views" name="test_crawl_get_method_rejected" time="0.080" /><testcase classname="testcase.api.test_views" name="test_scheduler_start_invalid_cron" time="0.079" /><testcase classname="testcase.api.test_views" name="test_scheduler_stop" time="0.080" /><testcase classname="testcase.api.test_views" name="test_weibo_scheduler_status" time="0.080" /><testcase classname="testcase.common.test_views" name="test_home_requires_login" time="0.002" /><testcase classname="testcase.common.test_views" name="test_home_page" time="0.080" /><testcase classname="testcase.common.test_views" name="test_chat_new_creates_conversation" time="0.080" /><testcase classname="testcase.common.test_views" name="test_chat_detail_isolated_between_users" time="0.159" /><testcase classname="testcase.common.test_views" name="test_history_search" time="0.082" /><testcase classname="testcase.frontend.test_e2e" name="test_login_page_loads" time="3.107" /><testcase classname="testcase.frontend.test_e2e" name="test_login_flow_and_nav" time="2.966" /><testcase classname="testcase.frontend.test_e2e" name="test_chat_page_creates_conversation" time="2.852" /><testcase classname="testcase.frontend.test_e2e" name="test_douyin_hot_page" time="3.031" /><testcase classname="testcase.frontend.test_e2e" name="test_weibo_hot_page" time="2.790" /><testcase classname="testcase.frontend.test_e2e" name="test_scanner_page" time="2.966" /><testcase classname="testcase.frontend.test_e2e" name="test_history_page" time="3.074" /><testcase classname="testcase.frontend.test_e2e" name="test_mobile_viewport" time="2.537" /><testcase classname="testcase.scanner.test_views" name="test_scanner_page_requires_login" time="0.003" /><testcase classname="testcase.scanner.test_views" name="test_scanner_page" time="0.021" /><testcase classname="testcase.scanner.test_views" name="test_non_staff_cannot_scan_custom_target" time="0.006" /><testcase classname="testcase.scanner.test_views" name="test_invalid_params_rejected" time="0.006" /><testcase classname="testcase.scanner.test_views" name="test_async_scan_flow" time="0.012" /><testcase classname="testcase.scanner.test_views" name="test_worker_marks_failed_on_timeout" time="0.005" /><testcase classname="testcase.scanner.test_views" name="test_concurrent_scan_rejected" time="0.007" /><testcase classname="testcase.scanner.test_views" name="test_update_finding_status" time="0.008" /><testcase classname="testcase.api.test_crawler.TestDouyinCrawler" name="test_new_format_top_level_word_list" time="0.002" /><testcase classname="testcase.api.test_crawler.TestDouyinCrawler" name="test_old_format_billboard_data" time="0.002" /><testcase classname="testcase.api.test_crawler.TestDouyinCrawler" name="test_empty_list_falls_back_to_mock" time="0.001" /><testcase classname="testcase.api.test_crawler.TestDouyinCrawler" name="test_request_error_falls_back_to_mock" time="0.001" /><testcase classname="testcase.api.test_crawler.TestWeiboCrawler" name="test_parse_and_label_mapping" time="0.001" /><testcase classname="testcase.api.test_crawler.TestWeiboCrawler" name="test_url_fallback" time="0.002" /><testcase classname="testcase.api.test_crawler.TestWeiboCrawler" name="test_empty_falls_back_to_mock" time="0.001" /><testcase classname="testcase.scanner.test_engine" name="test_shannon_entropy" time="0.001" /><testcase classname="testcase.scanner.test_engine" name="test_django_secret_key_detected" time="0.001" /><testcase classname="testcase.scanner.test_engine" name="test_deepseek_key_detected" time="0.001" /><testcase classname="testcase.scanner.test_engine" name="test_password_placeholder_allowed" time="0.001" /><testcase classname="testcase.scanner.test_engine" name="test_low_entropy_not_flagged" time="0.001" /><testcase classname="testcase.scanner.test_engine" name="test_line_text_is_redacted" time="0.001" /><testcase classname="testcase.scanner.test_engine" name="test_redact" time="0.001" /><testcase classname="testcase.scanner.test_engine" name="test_repository_timeout" time="0.003" /><testcase classname="testcase.scanner.test_engine" name="test_repository_scan" time="0.001" /><testcase classname="testcase.scanner.test_engine" name="test_scan_target_invalid_url" time="0.001" /><testcase classname="testcase.scanner.test_engine" name="test_scan_target_forbidden_root" time="0.001" /><testcase classname="testcase.scanner.test_engine" name="test_scan_target_missing_dir" time="0.001" /><testcase classname="testcase.scanner.test_engine" name="test_scan_target_local_dir" time="0.001" /><testcase classname="testcase.tools.test_file_scanner" name="test_scan_basic" time="0.002" /><testcase classname="testcase.tools.test_file_scanner" name="test_pattern_and_extension" time="0.001" /><testcase classname="testcase.tools.test_file_scanner" name="test_no_recursive" time="0.002" /><testcase classname="testcase.tools.test_file_scanner" name="test_max_depth" time="0.001" /><testcase classname="testcase.tools.test_file_scanner" name="test_truncation" time="0.001" /><testcase classname="testcase.tools.test_file_scanner" name="test_missing_dir" time="0.001" /><testcase classname="testcase.tools.test_file_scanner" name="test_find_file_names" time="0.001" /><testcase classname="testcase.tools.test_scheduler" name="test_valid_cron" time="0.001" /><testcase classname="testcase.tools.test_scheduler" name="test_invalid_cron" time="0.001" /><testcase classname="testcase.tools.test_scheduler" name="test_human_readable" time="0.586" /></testsuite></testsuites>