<?xml version="1.0" encoding="utf-8"?><testsuites><testsuite name="pytest" errors="0" failures="0" skipped="0" tests="8" time="23.880" timestamp="2026-08-02T20:21:52.071059+08:00" hostname="KGdeMacBook-Pro.local"><testcase classname="testcase.frontend.test_e2e" name="test_login_page_loads" time="3.403" /><testcase classname="testcase.frontend.test_e2e" name="test_login_flow_and_nav" time="3.236" /><testcase classname="testcase.frontend.test_e2e" name="test_chat_page_creates_conversation" time="3.082" /><testcase classname="testcase.frontend.test_e2e" name="test_douyin_hot_page" time="3.154" /><testcase classname="testcase.frontend.test_e2e" name="test_weibo_hot_page" time="2.769" /><testcase classname="testcase.frontend.test_e2e" name="test_scanner_page" time="2.684" /><testcase classname="testcase.frontend.test_e2e" name="test_history_page" time="2.579" /><testcase classname="testcase.frontend.test_e2e" name="test_mobile_viewport" time="2.726" /></testsuite></testsuites>